CarSmart/proguard/seeds.txt
com.buaair.carsmart.CarListActivity
com.buaair.carsmart.CarListActivity: CarListActivity()
com.buaair.carsmart.CarListActivity$TaskType: com.buaair.carsmart.CarListActivity$TaskType[] values()
com.buaair.carsmart.CarListActivity$TaskType: com.buaair.carsmart.CarListActivity$TaskType valueOf(java.lang.String)
com.buaair.carsmart.CarMapActivity
com.buaair.carsmart.CarMapActivity: CarMapActivity()
com.buaair.carsmart.CarMapActivity: void onClick(android.view.View)
com.buaair.carsmart.LoginActivity
com.buaair.carsmart.LoginActivity: LoginActivity()
com.buaair.carsmart.MainActivity
com.buaair.carsmart.MainActivity: MainActivity()
com.buaair.carsmart.MainActivity: void onClick(android.view.View)
com.buaair.carsmart.R$anim: int slide_in_from_bottom
com.buaair.carsmart.R$anim: int slide_in_from_top
com.buaair.carsmart.R$anim: int slide_out_to_bottom
com.buaair.carsmart.R$anim: int slide_out_to_top
com.buaair.carsmart.R$attr: int abstractWheelViewStyle
com.buaair.carsmart.R$attr: int animationVelocity
com.buaair.carsmart.R$attr: int insetBottom
com.buaair.carsmart.R$attr: int insetLeft
com.buaair.carsmart.R$attr: int insetRight
com.buaair.carsmart.R$attr: int insetTop
com.buaair.carsmart.R$attr: int isAllVisible
com.buaair.carsmart.R$attr: int isCyclic
com.buaair.carsmart.R$attr: int itemOffsetPercent
com.buaair.carsmart.R$attr: int itemsDimmedAlpha
com.buaair.carsmart.R$attr: int itemsPadding
com.buaair.carsmart.R$attr: int matProg_barColor
com.buaair.carsmart.R$attr: int matProg_barSpinCycleTime
com.buaair.carsmart.R$attr: int matProg_barWidth
com.buaair.carsmart.R$attr: int matProg_circleRadius
com.buaair.carsmart.R$attr: int matProg_fillRadius
com.buaair.carsmart.R$attr: int matProg_linearProgress
com.buaair.carsmart.R$attr: int matProg_progressIndeterminate
com.buaair.carsmart.R$attr: int matProg_rimColor
com.buaair.carsmart.R$attr: int matProg_rimWidth
com.buaair.carsmart.R$attr: int matProg_spinSpeed
com.buaair.carsmart.R$attr: int measureFactor
com.buaair.carsmart.R$attr: int offColor
com.buaair.carsmart.R$attr: int offDrawable
com.buaair.carsmart.R$attr: int onColor
com.buaair.carsmart.R$attr: int onDrawable
com.buaair.carsmart.R$attr: int pb_colorComplete
com.buaair.carsmart.R$attr: int pb_colorError
com.buaair.carsmart.R$attr: int pb_colorNormal
com.buaair.carsmart.R$attr: int pb_colorPressed
com.buaair.carsmart.R$attr: int pb_colorProgress
com.buaair.carsmart.R$color: int blue
com.buaair.carsmart.R$color: int blue_normal
com.buaair.carsmart.R$color: int blue_pressed
com.buaair.carsmart.R$color: int border_clo
com.buaair.carsmart.R$color: int green_complete
com.buaair.carsmart.R$color: int holo_blue_bright
com.buaair.carsmart.R$color: int holo_green_light
com.buaair.carsmart.R$color: int holo_orange_light
com.buaair.carsmart.R$color: int holo_red_light
com.buaair.carsmart.R$color: int purple_progress
com.buaair.carsmart.R$color: int radio_colors
com.buaair.carsmart.R$color: int red_error
com.buaair.carsmart.R$color: int text_clo
com.buaair.carsmart.R$color: int transparent
com.buaair.carsmart.R$color: int white
com.buaair.carsmart.R$color: int white2
com.buaair.carsmart.R$dimen: int activity_horizontal_margin
com.buaair.carsmart.R$dimen: int activity_vertical_margin
com.buaair.carsmart.R$dimen: int car_icon_width
com.buaair.carsmart.R$dimen: int corner_radius
com.buaair.carsmart.R$dimen: int header_footer_left_right_padding
com.buaair.carsmart.R$dimen: int header_footer_top_bottom_padding
com.buaair.carsmart.R$dimen: int indicator_corner_radius
com.buaair.carsmart.R$dimen: int indicator_internal_padding
com.buaair.carsmart.R$dimen: int indicator_right_padding
com.buaair.carsmart.R$dimen: int layer_padding
com.buaair.carsmart.R$dimen: int list_padding
com.buaair.carsmart.R$dimen: int shadow_width
com.buaair.carsmart.R$dimen: int slidingmenu_offset
com.buaair.carsmart.R$dimen: int text_size
...
android.support.v4.view.ViewPropertyAnimatorCompat
android.support.v4.view.ViewPropertyAnimatorCompat: java.lang.String TAG
android.support.v4.view.ViewPropertyAnimatorCompat: java.lang.ref.WeakReference mView
android.support.v4.view.ViewPropertyAnimatorCompat: java.lang.Runnable mStartAction
android.support.v4.view.ViewPropertyAnimatorCompat: java.lang.Runnable mEndAction
android.support.v4.view.ViewPropertyAnimatorCompat: int mOldLayerType
android.support.v4.view.ViewPropertyAnimatorCompat: int LISTENER_TAG_ID
android.support.v4.view.ViewPropertyAnimatorCompat: android.support.v4.view.ViewPropertyAnimatorCompat$ViewPropertyAnimatorCompatImpl IMPL
android.support.v4.view.ViewPropertyAnimatorCompat: ViewPropertyAnimatorCompat(android.view.View)
android.support.v4.view.ViewPropertyAnimatorCompat: android.support.v4.view.ViewPropertyAnimatorCompat setDuration(long)
android.support.v4.view.ViewPropertyAnimatorCompat: android.support.v4.view.ViewPropertyAnimatorCompat alpha(float)
android.support.v4.view.ViewPropertyAnimatorCompat: android.support.v4.view.ViewPropertyAnimatorCompat alphaBy(float)
android.support.v4.view.ViewPropertyAnimatorCompat: android.support.v4.view.ViewPropertyAnimatorCompat translationX(float)
android.support.v4.view.ViewPropertyAnimatorCompat: android.support.v4.view.ViewPropertyAnimatorCompat translationY(float)
android.support.v4.view.ViewPropertyAnimatorCompat: android.support.v4.view.ViewPropertyAnimatorCompat withEndAction(java.lang.Runnable)
android.support.v4.view.ViewPropertyAnimatorCompat$1
android.support.v4.view.ViewPropertyAnimatorCompat$BaseViewPropertyAnimatorCompatImpl
android.support.v4.view.ViewPropertyAnimatorCompat$BaseViewPropertyAnimatorCompatImpl: java.util.WeakHashMap mStarterMap
android.support.v4.view.ViewPropertyAnimatorCompat$BaseViewPropertyAnimatorCompatImpl: ViewPropertyAnimatorCompat$BaseViewPropertyAnimatorCompatImpl()
android.support.v4.view.ViewPropertyAnimatorCompat$BaseViewPropertyAnimatorCompatImpl: void setDuration(android.support.v4.view.ViewPropertyAnimatorCompat,android.view.View,long)
android.support.v4.view.ViewPropertyAnimatorCompat$BaseViewPropertyAnimatorCompatImpl: void alpha(android.support.v4.view.ViewPropertyAnimatorCompat,android.view.View,float)
android.support.v4.view.ViewPropertyAnimatorCompat$BaseViewPropertyAnimatorCompatImpl: void translationX(android.support.v4.view.ViewPropertyAnimatorCompat,android.view.View,float)
android.support.v4.view.ViewPropertyAnimatorCompat$BaseViewPropertyAnimatorCompatImpl: void translationY(android.support.v4.view.ViewPropertyAnimatorCompat,android.view.View,float)
android.support.v4.view.ViewPropertyAnimatorCompat$BaseViewPropertyAnimatorCompatImpl: void withEndAction(android.support.v4.view.ViewPropertyAnimatorCompat,android.view.View,java.lang.Runnable)
android.support.v4.view.ViewPropertyAnimatorCompat$BaseViewPropertyAnimatorCompatImpl: long getDuration(android.support.v4.view.ViewPropertyAnimatorCompat,android.view.View)