CarSmart/proguard/mapping.txt
com.buaair.carsmart.CarListActivity -> com.buaair.carsmart.CarListActivity:
    android.widget.EditText searchText -> a
    com.buaair.carsmart.view.pulltorefresh.PullToRefreshListView mPullRefreshListView -> b
    android.widget.SimpleAdapter mAdapter -> c
    com.buaair.carsmart.CarListActivity$GetDataTask getDataTask -> d
    java.util.LinkedList listItem -> e
    java.util.ArrayList carList -> f
    int rows -> g
    int page -> h
    int total -> i
    void onCreate(android.os.Bundle) -> onCreate
    void onStart() -> onStart
    void onResume() -> onResume
    void onStop() -> onStop
    void onPause() -> onPause
    void onPullDownToRefresh(com.buaair.carsmart.view.pulltorefresh.PullToRefreshBase) -> a
    void onPullUpToRefresh(com.buaair.carsmart.view.pulltorefresh.PullToRefreshBase) -> b
    void onLastItemVisible() -> a
    void onItemClick(android.widget.AdapterView,android.view.View,int,long) -> onItemClick
    boolean onCreateOptionsMenu(android.view.Menu) -> onCreateOptionsMenu
    boolean onContextItemSelected(android.view.MenuItem) -> onContextItemSelected
    boolean onPrepareOptionsMenu(android.view.Menu) -> onPrepareOptionsMenu
    boolean onOptionsItemSelected(android.view.MenuItem) -> onOptionsItemSelected
    void getData(com.buaair.carsmart.CarListActivity$TaskType) -> a
    android.widget.EditText access$0(com.buaair.carsmart.CarListActivity) -> a
    int access$1(com.buaair.carsmart.CarListActivity) -> b
com.buaair.carsmart.CarListActivity$1 -> com.buaair.carsmart.a:
    com.buaair.carsmart.CarListActivity this$0 -> a
    boolean onEditorAction(android.widget.TextView,int,android.view.KeyEvent) -> onEditorAction
com.buaair.carsmart.CarListActivity$GetDataTask -> com.buaair.carsmart.b:
    com.buaair.carsmart.CarListActivity$TaskType taskType -> b
    com.buaair.carsmart.CarListActivity this$0 -> a
    int[] $SWITCH_TABLE$com$buaair$carsmart$CarListActivity$TaskType -> c
    com.buaair.carsmart.vo.CarListResponseVO doInBackground(com.buaair.carsmart.CarListActivity$TaskType[]) -> a
    void onPostExecute(com.buaair.carsmart.vo.CarListResponseVO) -> a
    java.util.LinkedList converData(java.util.ArrayList) -> a
    void onPostExecute(java.lang.Object) -> onPostExecute
    java.lang.Object doInBackground(java.lang.Object[]) -> doInBackground
    int[] $SWITCH_TABLE$com$buaair$carsmart$CarListActivity$TaskType() -> a
com.buaair.carsmart.CarListActivity$TaskType -> com.buaair.carsmart.c:
    com.buaair.carsmart.CarListActivity$TaskType UP -> a
    com.buaair.carsmart.CarListActivity$TaskType DOWN -> b
    com.buaair.carsmart.CarListActivity$TaskType[] ENUM$VALUES -> c
    com.buaair.carsmart.CarListActivity$TaskType[] values() -> values
    com.buaair.carsmart.CarListActivity$TaskType valueOf(java.lang.String) -> valueOf
com.buaair.carsmart.CarMapActivity -> com.buaair.carsmart.CarMapActivity:
    com.buaair.carsmart.view.ResideMenu.ResideMenu resideMenu -> a
    com.buaair.carsmart.CarMapActivity mContext -> b
    com.buaair.carsmart.view.ResideMenu.ResideMenuItem itemHome -> c
    com.buaair.carsmart.view.ResideMenu.ResideMenuItem itemProfile -> d
    com.buaair.carsmart.view.ResideMenu.ResideMenuItem itemCalendar -> e
    com.buaair.carsmart.view.ResideMenu.ResideMenuItem itemSettings -> f
    long clickTime -> g
    com.buaair.carsmart.view.ResideMenu.ResideMenu$OnMenuListener menuListener -> h
    void onCreate(android.os.Bundle) -> onCreate
    boolean onOptionsItemSelected(android.view.MenuItem) -> onOptionsItemSelected
    void setUpMenu() -> b
    void onClick(android.view.View) -> onClick
    void onBackPressed() -> onBackPressed
    void exit() -> c
    void changeFragment(android.support.v4.app.Fragment) -> a
    com.buaair.carsmart.view.ResideMenu.ResideMenu getResideMenu() -> a
    com.buaair.carsmart.CarMapActivity access$0(com.buaair.carsmart.CarMapActivity) -> a
...
android.support.v4.view.accessibility.AccessibilityNodeInfoCompatApi21 -> android.support.v4.view.accessibility.AccessibilityNodeInfoCompatApi21:
    java.util.List getActionList(java.lang.Object) -> getActionList
    void addAction(java.lang.Object,java.lang.Object) -> addAction
    java.lang.Object obtainCollectionInfo(int,int,boolean,int) -> obtainCollectionInfo
    java.lang.Object obtainCollectionItemInfo(int,int,int,int,boolean,boolean) -> obtainCollectionItemInfo
    java.lang.Object newAccessibilityAction(int,java.lang.CharSequence) -> newAccessibilityAction
    int getAccessibilityActionId(java.lang.Object) -> getAccessibilityActionId
    java.lang.CharSequence getAccessibilityActionLabel(java.lang.Object) -> getAccessibilityActionLabel
android.support.v4.view.accessibility.AccessibilityNodeInfoCompatApi21$CollectionItemInfo -> android.support.v4.view.accessibility.AccessibilityNodeInfoCompatApi21$CollectionItemInfo:
    boolean isSelected(java.lang.Object) -> isSelected
android.support.v4.view.accessibility.AccessibilityNodeInfoCompatApi22 -> android.support.v4.view.accessibility.AccessibilityNodeInfoCompatApi22:
    java.lang.Object getTraversalBefore(java.lang.Object) -> getTraversalBefore
    void setTraversalBefore(java.lang.Object,android.view.View) -> setTraversalBefore
    void setTraversalBefore(java.lang.Object,android.view.View,int) -> setTraversalBefore
    java.lang.Object getTraversalAfter(java.lang.Object) -> getTraversalAfter
    void setTraversalAfter(java.lang.Object,android.view.View) -> setTraversalAfter
    void setTraversalAfter(java.lang.Object,android.view.View,int) -> setTraversalAfter
android.support.v4.view.accessibility.AccessibilityNodeInfoCompatIcs -> android.support.v4.view.accessibility.AccessibilityNodeInfoCompatIcs:
    java.lang.Object obtain() -> obtain
    java.lang.Object obtain(android.view.View) -> obtain
    java.lang.Object obtain(java.lang.Object) -> obtain
    void addAction(java.lang.Object,int) -> addAction
    void addChild(java.lang.Object,android.view.View) -> addChild
    java.util.List findAccessibilityNodeInfosByText(java.lang.Object,java.lang.String) -> findAccessibilityNodeInfosByText
    int getActions(java.lang.Object) -> getActions
    void getBoundsInParent(java.lang.Object,android.graphics.Rect) -> getBoundsInParent
    void getBoundsInScreen(java.lang.Object,android.graphics.Rect) -> getBoundsInScreen
    java.lang.Object getChild(java.lang.Object,int) -> getChild
    int getChildCount(java.lang.Object) -> getChildCount
    java.lang.CharSequence getClassName(java.lang.Object) -> getClassName
    java.lang.CharSequence getContentDescription(java.lang.Object) -> getContentDescription
    java.lang.CharSequence getPackageName(java.lang.Object) -> getPackageName
    java.lang.Object getParent(java.lang.Object) -> getParent
    java.lang.CharSequence getText(java.lang.Object) -> getText
    int getWindowId(java.lang.Object) -> getWindowId
    boolean isCheckable(java.lang.Object) -> isCheckable
    boolean isChecked(java.lang.Object) -> isChecked
    boolean isClickable(java.lang.Object) -> isClickable