CarSmart/proguard/usage.txt
com.buaair.carsmart.BuildConfig
com.buaair.carsmart.LoginActivity:
    public static final java.lang.String EXTRAS_ENDLESS_MODE
    201:232:public void showProgress(boolean)
    54:54:static synthetic android.view.View access$5(com.buaair.carsmart.LoginActivity)
com.buaair.carsmart.LoginActivity$3
com.buaair.carsmart.LoginActivity$ProfileQuery:
    public static final int ADDRESS
com.buaair.carsmart.MainActivity:
    public static final int FRAGMENT_FLAG_CARINFO
    public static final int FRAGMENT_FLAG_TRACKING
    public static final int FRAGMENT_FLAG_HISTORY
    public static final int FRAGMENT_FLAG_COMMAND
com.buaair.carsmart.R:
    10:10:public R()
com.buaair.carsmart.R$anim
com.buaair.carsmart.R$attr
com.buaair.carsmart.R$color
com.buaair.carsmart.R$dimen
com.buaair.carsmart.R$drawable
com.buaair.carsmart.R$id
com.buaair.carsmart.R$integer
com.buaair.carsmart.R$layout
com.buaair.carsmart.R$menu
com.buaair.carsmart.R$raw
com.buaair.carsmart.R$string
com.buaair.carsmart.R$style
com.buaair.carsmart.R$styleable:
    1039:1039:public R$styleable()
com.buaair.carsmart.R$xml
com.buaair.carsmart.fragment.CarMapFragment:
    public static final java.lang.String fileName
com.buaair.carsmart.utils.DateUtil:
    10:10:public DateUtil()
    15:18:public static java.lang.String formatDate(java.util.Date)
    22:23:public static java.lang.String formatDateTime(long)
    33:36:public static java.util.Date getFirstDayOfMonth(java.util.Date)
com.buaair.carsmart.utils.HttpClientUtil:
    24:24:public HttpClientUtil()
com.buaair.carsmart.utils.JsonUtil:
    21:21:public JsonUtil()
    31:53:public static java.lang.String getJson(android.content.Context,java.lang.String)
    216:230:public static java.lang.Object[] parseArray(java.lang.String,java.lang.Class)
    268:283:public static java.util.Collection parseCollection(java.lang.String,java.lang.Class,java.lang.Class)
com.buaair.carsmart.utils.LogUtil:
    5:5:public LogUtil()
com.buaair.carsmart.utils.Util:
    6:6:public Util()
    14:16:public static void showToast(android.content.Context,int)
com.buaair.carsmart.view.ProgressWheel:
    380:380:public boolean isSpinning()
    387:390:public void resetCount()
    396:400:public void stopSpinning()
com.buaair.carsmart.view.ResideMenu.ResideMenu:
    public static final int DIRECTION_LEFT
    public static final int DIRECTION_RIGHT
    private static final int PRESSED_MOVE_HORIZONTAL
    private static final int PRESSED_DOWN
    private static final int PRESSED_DONE
    private static final int PRESSED_MOVE_VERTICAL
    169:171:public void addMenuItem(com.buaair.carsmart.view.ResideMenu.ResideMenuItem)
    206:211:public void setMenuItems(java.util.List,int)
    237:240:public java.util.List getMenuItems(int)
    447:448:public void removeIgnoredView(android.view.View)
com.buaair.carsmart.view.ResideMenu.ResideMenuItem:
    25:27:public ResideMenuItem(android.content.Context)
    30:34:public ResideMenuItem(android.content.Context,int,int)
com.buaair.carsmart.view.ResideMenu.TouchDisableView:
    38:38:public android.view.View getContent()
    70:70:boolean isTouchDisabled()
com.buaair.carsmart.view.SegmentedRadioGroup
com.buaair.carsmart.view.processbutton.iml.ActionProcessButton:
    89:93:public void setColorScheme(int,int,int,int)
com.buaair.carsmart.view.processbutton.iml.ActionProcessButton$ProgressBar:
    private static final int COLOR1
    private static final int COLOR2
    private static final int COLOR3
    private static final int COLOR4
    private static final int ANIMATION_DURATION_MS
    private static final int FINISH_ANIMATION_DURATION_MS
com.buaair.carsmart.view.processbutton.iml.GenerateProcessButton
com.buaair.carsmart.view.processbutton.iml.SubmitProcessButton
com.buaair.carsmart.view.pulltorefresh.ILoadingLayout:
    public abstract void setTextTypeface(android.graphics.Typeface)
com.buaair.carsmart.view.pulltorefresh.IPullToRefresh
...
android.support.annotation.AttrRes
android.support.annotation.BoolRes
android.support.annotation.ColorRes
android.support.annotation.DimenRes
android.support.annotation.DrawableRes
android.support.annotation.FractionRes
android.support.annotation.IdRes
android.support.annotation.IntDef
android.support.annotation.IntegerRes
android.support.annotation.InterpolatorRes
android.support.annotation.LayoutRes
android.support.annotation.MenuRes
android.support.annotation.NonNull
android.support.annotation.Nullable
android.support.annotation.PluralsRes
android.support.annotation.RawRes
android.support.annotation.StringDef
android.support.annotation.StringRes
android.support.annotation.StyleRes
android.support.annotation.StyleableRes
android.support.annotation.XmlRes
com.nineoldandroids.animation.Animator
com.nineoldandroids.animation.Animator$AnimatorListener
com.nineoldandroids.animation.AnimatorInflater
com.nineoldandroids.animation.AnimatorListenerAdapter
com.nineoldandroids.animation.AnimatorSet
com.nineoldandroids.animation.AnimatorSet$1
com.nineoldandroids.animation.AnimatorSet$AnimatorSetListener
com.nineoldandroids.animation.AnimatorSet$Builder
com.nineoldandroids.animation.AnimatorSet$Dependency
com.nineoldandroids.animation.AnimatorSet$DependencyListener
com.nineoldandroids.animation.AnimatorSet$Node
com.nineoldandroids.animation.ArgbEvaluator
com.nineoldandroids.animation.FloatEvaluator
com.nineoldandroids.animation.FloatKeyframeSet
com.nineoldandroids.animation.IntEvaluator
com.nineoldandroids.animation.IntKeyframeSet
com.nineoldandroids.animation.Keyframe
com.nineoldandroids.animation.Keyframe$FloatKeyframe
com.nineoldandroids.animation.Keyframe$IntKeyframe
com.nineoldandroids.animation.Keyframe$ObjectKeyframe
com.nineoldandroids.animation.KeyframeSet
com.nineoldandroids.animation.ObjectAnimator
com.nineoldandroids.animation.PreHoneycombCompat
com.nineoldandroids.animation.PreHoneycombCompat$1
com.nineoldandroids.animation.PreHoneycombCompat$10
com.nineoldandroids.animation.PreHoneycombCompat$11
com.nineoldandroids.animation.PreHoneycombCompat$12
com.nineoldandroids.animation.PreHoneycombCompat$13
com.nineoldandroids.animation.PreHoneycombCompat$14
com.nineoldandroids.animation.PreHoneycombCompat$2
com.nineoldandroids.animation.PreHoneycombCompat$3
com.nineoldandroids.animation.PreHoneycombCompat$4
com.nineoldandroids.animation.PreHoneycombCompat$5
com.nineoldandroids.animation.PreHoneycombCompat$6
com.nineoldandroids.animation.PreHoneycombCompat$7
com.nineoldandroids.animation.PreHoneycombCompat$8
com.nineoldandroids.animation.PreHoneycombCompat$9
com.nineoldandroids.animation.PropertyValuesHolder
com.nineoldandroids.animation.PropertyValuesHolder$1
com.nineoldandroids.animation.PropertyValuesHolder$FloatPropertyValuesHolder
com.nineoldandroids.animation.PropertyValuesHolder$IntPropertyValuesHolder
com.nineoldandroids.animation.TimeAnimator
com.nineoldandroids.animation.TimeAnimator$TimeListener
com.nineoldandroids.animation.TypeEvaluator
com.nineoldandroids.animation.ValueAnimator
com.nineoldandroids.animation.ValueAnimator$1
com.nineoldandroids.animation.ValueAnimator$2
com.nineoldandroids.animation.ValueAnimator$3
com.nineoldandroids.animation.ValueAnimator$4
com.nineoldandroids.animation.ValueAnimator$5
com.nineoldandroids.animation.ValueAnimator$AnimationHandler
com.nineoldandroids.animation.ValueAnimator$AnimatorUpdateListener
com.nineoldandroids.util.FloatProperty
com.nineoldandroids.util.IntProperty
com.nineoldandroids.util.NoSuchPropertyException
com.nineoldandroids.util.Property
com.nineoldandroids.util.ReflectiveProperty